Error in "raw/Anonymous- anonymous- Solomon Grundy.txt": unsupported operand type(s) for -: 'module' and 'unicode'
Error in "raw/Aiken-Conrad-Music-I-Heard-music-i-heard-with-you.txt": unsupported operand type(s) for -: 'module' and 'unicode'
Error in "raw/Aldington-Richard-stanza-1-from-Lesbia-grow-weary-if-you-will.txt": unsupported operand type(s) for -: 'module' and 'unicode'
Error in "raw/Akins-Zoe-Conquered-o-pale-o-vivid-dear.txt": unsupported operand type(s) for -: 'module' and 'unicode'
Error in "raw/Anonymous- Anonymous- Twinkle, twinkle, little star.txt": unsupported operand type(s) for -: 'module' and 'unicode'
Error in "raw/Ashe- No and Yes- If I could choose my.txt": unsupported operand type(s) for -: 'module' and 'unicode'
Error in "raw/Allingham- William- I heard the dogs howl in the moonlight night.txt": unsupported operand type(s) for -: 'module' and 'unicode'
Error in "raw/Arsenberg-Conrad-Walter-To-Hasekawa-perhaps-it-is-no-matter.txt": unsupported operand type(s) for -: 'module' and 'unicode'
Error in "raw/Akins-Zoe-the-wanderer-the-ships-are-lying-in.txt": unsupported operand type(s) for -: 'module' and 'unicode'
Error in "raw/Akins-Zoe-I-Am-the-Wind-I-Am-the-wind-that.txt": unsupported operand type(s) for -: 'module' and 'unicode'
Error in "raw/Anonymous- anonymous- Solomon Grundy.txt": unsupported operand type(s) for -: 'module' and 'unicode'
Error in "raw/Aiken-Conrad-Music-I-Heard-music-i-heard-with-you.txt": unsupported operand type(s) for -: 'module' and 'unicode'
Error in "raw/Anonymous- anonymous- Solomon Grundy.txt": nothing to repeat
Error in "raw/Aiken-Conrad-Music-I-Heard-music-i-heard-with-you.txt": nothing to repeat
Error in "raw/Aldington-Richard-stanza-1-from-Lesbia-grow-weary-if-you-will.txt": nothing to repeat
Error in "raw/Akins-Zoe-Conquered-o-pale-o-vivid-dear.txt": 
Error in "raw/Anonymous- anonymous- Solomon Grundy.txt": unacceptable character #x0001: special characters are not allowed
  in "<file>", position 102
Error in "raw/Aiken-Conrad-Music-I-Heard-music-i-heard-with-you.txt": unacceptable character #x0001: special characters are not allowed
  in "<file>", position 143
Error in "raw/Anonymous- anonymous- Solomon Grundy.txt": unacceptable character #x0001: special characters are not allowed
  in "<file>", position 102
Error in "raw/Aiken-Conrad-Music-I-Heard-music-i-heard-with-you.txt": 
Error in "raw/Blake-The-Chimney-Sweep-When-my-mother-died-I.txt": 'NoneType' object has no attribute 'group'
Error in "raw/Browning- Robert- Rats! They fought the dogs.txt.txt": 'NoneType' object has no attribute 'group'
Error in "raw/Dickinson- Emily- I'm wife; I've finished that.txt": while scanning for the next token
found character '\t' that cannot start any token
  in "<file>", line 9, column 1
Error in "raw/Dickinson- Emily- The heart asks pleasure first.txt": while scanning for the next token
found character '\t' that cannot start any token
  in "<file>", line 9, column 1
Error in "raw/Coleridge- Samuel- there is a thorn.txt": while scanning for the next token
found character '\t' that cannot start any token
  in "<file>", line 9, column 1
Error in "raw/Blake-The-Chimney-Sweep-When-my-mother-died-I.txt": 'NoneType' object has no attribute 'group'
Error in "raw/Browning- Robert- Rats! They fought the dogs.txt.txt": 'NoneType' object has no attribute 'group'
Error in "raw/Dickinson- Emily- I'm wife; I've finished that.txt": while scanning for the next token
found character '\t' that cannot start any token
  in "<file>", line 9, column 1
Error in "raw/Dickinson- Emily- The heart asks pleasure first.txt": while scanning for the next token
found character '\t' that cannot start any token
  in "<file>", line 9, column 1
Error in "raw/Coleridge- Samuel- there is a thorn.txt": while scanning for the next token
found character '\t' that cannot start any token
  in "<file>", line 9, column 1
Error in "raw/Blake-The-Chimney-Sweep-When-my-mother-died-I.txt": 'NoneType' object has no attribute 'group'
Error in "raw/Browning- Robert- Rats! They fought the dogs.txt.txt": 'NoneType' object has no attribute 'group'
Error in "raw/Dickinson- Emily- I'm wife; I've finished that.txt": while scanning for the next token
found character '\t' that cannot start any token
  in "<file>", line 9, column 1
Error in "raw/Dickinson- Emily- The heart asks pleasure first.txt": while scanning for the next token
found character '\t' that cannot start any token
  in "<file>", line 9, column 1
Error in "raw/Coleridge- Samuel- there is a thorn.txt": while scanning for the next token
found character '\t' that cannot start any token
  in "<file>", line 9, column 1
